Compilation failed:
    source file: '/home/eric/Documentos/github/nodejs-opencv/node_modules/opencv-build/opencv/opencv/cmake/checks/cxx11.cpp'
    check option: ''
===== BUILD LOG =====
Change Dir: /home/eric/Documentos/github/nodejs-opencv/node_modules/opencv-build/opencv/build/CMakeFiles/CMakeTmp

Run Build Command:"/usr/bin/make" "cmTC_0b599/fast"
/usr/bin/make -f CMakeFiles/cmTC_0b599.dir/build.make CMakeFiles/cmTC_0b599.dir/build
make[1]: se entra en el directorio '/home/eric/Documentos/github/nodejs-opencv/node_modules/opencv-build/opencv/build/CMakeFiles/CMakeTmp'
Building CXX object CMakeFiles/cmTC_0b599.dir/cxx11.cpp.o
/usr/bin/c++     -fPIE   -o CMakeFiles/cmTC_0b599.dir/cxx11.cpp.o -c /home/eric/Documentos/github/nodejs-opencv/node_modules/opencv-build/opencv/opencv/cmake/checks/cxx11.cpp
/home/eric/Documentos/github/nodejs-opencv/node_modules/opencv-build/opencv/opencv/cmake/checks/cxx11.cpp:4:2: error: #error "C++11 is not supported"
 #error "C++11 is not supported"
  ^
/home/eric/Documentos/github/nodejs-opencv/node_modules/opencv-build/opencv/opencv/cmake/checks/cxx11.cpp: In function ‘int main()’:
/home/eric/Documentos/github/nodejs-opencv/node_modules/opencv-build/opencv/opencv/cmake/checks/cxx11.cpp:11:10: error: ‘res’ does not name a type
     auto res = test();
          ^
/home/eric/Documentos/github/nodejs-opencv/node_modules/opencv-build/opencv/opencv/cmake/checks/cxx11.cpp:12:12: error: ‘res’ was not declared in this scope
     return res;
            ^
CMakeFiles/cmTC_0b599.dir/build.make:65: fallo en las instrucciones para el objetivo 'CMakeFiles/cmTC_0b599.dir/cxx11.cpp.o'
make[1]: *** [CMakeFiles/cmTC_0b599.dir/cxx11.cpp.o] Error 1
make[1]: se sale del directorio '/home/eric/Documentos/github/nodejs-opencv/node_modules/opencv-build/opencv/build/CMakeFiles/CMakeTmp'
Makefile:126: fallo en las instrucciones para el objetivo 'cmTC_0b599/fast'
make: *** [cmTC_0b599/fast] Error 2

===== END =====

Build output check failed:
    Regex: 'command line option .* is valid for .* but not for C\+\+'
    Output line: 'cc1plus: warning: command line option ‘-Wmissing-prototypes’ is valid for C/ObjC but not for C++'
Compilation failed:
    source file: '/home/eric/Documentos/github/nodejs-opencv/node_modules/opencv-build/opencv/build/CMakeFiles/CMakeTmp/src.cxx'
    check option: ' -fsigned-char -W -Wall -Werror=return-type -Werror=non-virtual-dtor -Werror=address -Werror=sequence-point -Wformat -Werror=format-security -Wmissing-declarations  -Wmissing-prototypes'
===== BUILD LOG =====
Change Dir: /home/eric/Documentos/github/nodejs-opencv/node_modules/opencv-build/opencv/build/CMakeFiles/CMakeTmp

Run Build Command:"/usr/bin/make" "cmTC_42537/fast"
/usr/bin/make -f CMakeFiles/cmTC_42537.dir/build.make CMakeFiles/cmTC_42537.dir/build
make[1]: se entra en el directorio '/home/eric/Documentos/github/nodejs-opencv/node_modules/opencv-build/opencv/build/CMakeFiles/CMakeTmp'
Building CXX object CMakeFiles/cmTC_42537.dir/src.cxx.o
/usr/bin/c++     -O3 -DNDEBUG -fPIE   -fsigned-char -W -Wall -Werror=return-type -Werror=non-virtual-dtor -Werror=address -Werror=sequence-point -Wformat -Werror=format-security -Wmissing-declarations -Wmissing-prototypes -o CMakeFiles/cmTC_42537.dir/src.cxx.o -c /home/eric/Documentos/github/nodejs-opencv/node_modules/opencv-build/opencv/build/CMakeFiles/CMakeTmp/src.cxx
cc1plus: warning: command line option ‘-Wmissing-prototypes’ is valid for C/ObjC but not for C++
/home/eric/Documentos/github/nodejs-opencv/node_modules/opencv-build/opencv/build/CMakeFiles/CMakeTmp/src.cxx:1:0: warning: ignoring #pragma   [-Wunknown-pragmas]
 #pragma
 ^
Linking CXX executable cmTC_42537
/usr/bin/cmake -E cmake_link_script CMakeFiles/cmTC_42537.dir/link.txt --verbose=1
/usr/bin/c++     -O3 -DNDEBUG    CMakeFiles/cmTC_42537.dir/src.cxx.o  -o cmTC_42537 -rdynamic 
make[1]: se sale del directorio '/home/eric/Documentos/github/nodejs-opencv/node_modules/opencv-build/opencv/build/CMakeFiles/CMakeTmp'

===== END =====

Build output check failed:
    Regex: 'command line option .* is valid for .* but not for C\+\+'
    Output line: 'cc1plus: warning: command line option ‘-Wstrict-prototypes’ is valid for C/ObjC but not for C++'
Compilation failed:
    source file: '/home/eric/Documentos/github/nodejs-opencv/node_modules/opencv-build/opencv/build/CMakeFiles/CMakeTmp/src.cxx'
    check option: ' -fsigned-char -W -Wall -Werror=return-type -Werror=non-virtual-dtor -Werror=address -Werror=sequence-point -Wformat -Werror=format-security -Wmissing-declarations  -Wstrict-prototypes'
===== BUILD LOG =====
Change Dir: /home/eric/Documentos/github/nodejs-opencv/node_modules/opencv-build/opencv/build/CMakeFiles/CMakeTmp

Run Build Command:"/usr/bin/make" "cmTC_b5626/fast"
/usr/bin/make -f CMakeFiles/cmTC_b5626.dir/build.make CMakeFiles/cmTC_b5626.dir/build
make[1]: se entra en el directorio '/home/eric/Documentos/github/nodejs-opencv/node_modules/opencv-build/opencv/build/CMakeFiles/CMakeTmp'
Building CXX object CMakeFiles/cmTC_b5626.dir/src.cxx.o
/usr/bin/c++     -O3 -DNDEBUG -fPIE   -fsigned-char -W -Wall -Werror=return-type -Werror=non-virtual-dtor -Werror=address -Werror=sequence-point -Wformat -Werror=format-security -Wmissing-declarations -Wstrict-prototypes -o CMakeFiles/cmTC_b5626.dir/src.cxx.o -c /home/eric/Documentos/github/nodejs-opencv/node_modules/opencv-build/opencv/build/CMakeFiles/CMakeTmp/src.cxx
cc1plus: warning: command line option ‘-Wstrict-prototypes’ is valid for C/ObjC but not for C++
/home/eric/Documentos/github/nodejs-opencv/node_modules/opencv-build/opencv/build/CMakeFiles/CMakeTmp/src.cxx:1:0: warning: ignoring #pragma   [-Wunknown-pragmas]
 #pragma
 ^
Linking CXX executable cmTC_b5626
/usr/bin/cmake -E cmake_link_script CMakeFiles/cmTC_b5626.dir/link.txt --verbose=1
/usr/bin/c++     -O3 -DNDEBUG    CMakeFiles/cmTC_b5626.dir/src.cxx.o  -o cmTC_b5626 -rdynamic 
make[1]: se sale del directorio '/home/eric/Documentos/github/nodejs-opencv/node_modules/opencv-build/opencv/build/CMakeFiles/CMakeTmp'

===== END =====

Build output check failed:
    Regex: 'command line option .* is valid for .* but not for C'
    Output line: 'cc1: warning: command line option ‘-Wsign-promo’ is valid for C++/ObjC++ but not for C'
Compilation failed:
    source file: '/home/eric/Documentos/github/nodejs-opencv/node_modules/opencv-build/opencv/build/CMakeFiles/CMakeTmp/src.c'
    check option: ' -fsigned-char -W -Wall -Werror=return-type -Werror=non-virtual-dtor -Werror=address -Werror=sequence-point -Wformat -Werror=format-security -Wmissing-declarations -Wmissing-prototypes -Wstrict-prototypes -Wundef -Winit-self -Wpointer-arith -Wshadow  -Wsign-promo'
===== BUILD LOG =====
Change Dir: /home/eric/Documentos/github/nodejs-opencv/node_modules/opencv-build/opencv/build/CMakeFiles/CMakeTmp

Run Build Command:"/usr/bin/make" "cmTC_903fb/fast"
/usr/bin/make -f CMakeFiles/cmTC_903fb.dir/build.make CMakeFiles/cmTC_903fb.dir/build
make[1]: se entra en el directorio '/home/eric/Documentos/github/nodejs-opencv/node_modules/opencv-build/opencv/build/CMakeFiles/CMakeTmp'
Building C object CMakeFiles/cmTC_903fb.dir/src.c.o
/usr/bin/cc    -O3 -DNDEBUG -fPIE   -fsigned-char -W -Wall -Werror=return-type -Werror=non-virtual-dtor -Werror=address -Werror=sequence-point -Wformat -Werror=format-security -Wmissing-declarations -Wmissing-prototypes -Wstrict-prototypes -Wundef -Winit-self -Wpointer-arith -Wshadow -Wsign-promo -o CMakeFiles/cmTC_903fb.dir/src.c.o   -c /home/eric/Documentos/github/nodejs-opencv/node_modules/opencv-build/opencv/build/CMakeFiles/CMakeTmp/src.c
cc1: warning: command line option ‘-Wsign-promo’ is valid for C++/ObjC++ but not for C
/home/eric/Documentos/github/nodejs-opencv/node_modules/opencv-build/opencv/build/CMakeFiles/CMakeTmp/src.c:1:0: warning: ignoring #pragma   [-Wunknown-pragmas]
 #pragma
 ^
Linking C executable cmTC_903fb
/usr/bin/cmake -E cmake_link_script CMakeFiles/cmTC_903fb.dir/link.txt --verbose=1
/usr/bin/cc    -O3 -DNDEBUG    CMakeFiles/cmTC_903fb.dir/src.c.o  -o cmTC_903fb -rdynamic 
make[1]: se sale del directorio '/home/eric/Documentos/github/nodejs-opencv/node_modules/opencv-build/opencv/build/CMakeFiles/CMakeTmp'

===== END =====

Build output check failed:
    Regex: 'command line option .* is valid for .* but not for C'
    Output line: 'cc1: warning: command line option ‘-Wno-delete-non-virtual-dtor’ is valid for C++/ObjC++ but not for C'
Compilation failed:
    source file: '/home/eric/Documentos/github/nodejs-opencv/node_modules/opencv-build/opencv/build/CMakeFiles/CMakeTmp/src.c'
    check option: ' -fsigned-char -W -Wall -Werror=return-type -Werror=non-virtual-dtor -Werror=address -Werror=sequence-point -Wformat -Werror=format-security -Wmissing-declarations -Wmissing-prototypes -Wstrict-prototypes -Wundef -Winit-self -Wpointer-arith -Wshadow -Wuninitialized -Winit-self -Wno-narrowing  -Wno-delete-non-virtual-dtor'
===== BUILD LOG =====
Change Dir: /home/eric/Documentos/github/nodejs-opencv/node_modules/opencv-build/opencv/build/CMakeFiles/CMakeTmp

Run Build Command:"/usr/bin/make" "cmTC_9f07e/fast"
/usr/bin/make -f CMakeFiles/cmTC_9f07e.dir/build.make CMakeFiles/cmTC_9f07e.dir/build
make[1]: se entra en el directorio '/home/eric/Documentos/github/nodejs-opencv/node_modules/opencv-build/opencv/build/CMakeFiles/CMakeTmp'
Building C object CMakeFiles/cmTC_9f07e.dir/src.c.o
/usr/bin/cc    -O3 -DNDEBUG -fPIE   -fsigned-char -W -Wall -Werror=return-type -Werror=non-virtual-dtor -Werror=address -Werror=sequence-point -Wformat -Werror=format-security -Wmissing-declarations -Wmissing-prototypes -Wstrict-prototypes -Wundef -Winit-self -Wpointer-arith -Wshadow -Wuninitialized -Winit-self -Wno-narrowing -Wno-delete-non-virtual-dtor -o CMakeFiles/cmTC_9f07e.dir/src.c.o   -c /home/eric/Documentos/github/nodejs-opencv/node_modules/opencv-build/opencv/build/CMakeFiles/CMakeTmp/src.c
cc1: warning: command line option ‘-Wno-delete-non-virtual-dtor’ is valid for C++/ObjC++ but not for C
/home/eric/Documentos/github/nodejs-opencv/node_modules/opencv-build/opencv/build/CMakeFiles/CMakeTmp/src.c:1:0: warning: ignoring #pragma   [-Wunknown-pragmas]
 #pragma
 ^
Linking C executable cmTC_9f07e
/usr/bin/cmake -E cmake_link_script CMakeFiles/cmTC_9f07e.dir/link.txt --verbose=1
/usr/bin/cc    -O3 -DNDEBUG    CMakeFiles/cmTC_9f07e.dir/src.c.o  -o cmTC_9f07e -rdynamic 
make[1]: se sale del directorio '/home/eric/Documentos/github/nodejs-opencv/node_modules/opencv-build/opencv/build/CMakeFiles/CMakeTmp'

===== END =====

Build output check failed:
    Regex: 'unrecognized .*option'
    Output line: 'cc1plus: warning: unrecognized command line option ‘-Wno-unnamed-type-template-args’'
Compilation failed:
    source file: '/home/eric/Documentos/github/nodejs-opencv/node_modules/opencv-build/opencv/build/CMakeFiles/CMakeTmp/src.cxx'
    check option: ' -fsigned-char -W -Wall -Werror=return-type -Werror=non-virtual-dtor -Werror=address -Werror=sequence-point -Wformat -Werror=format-security -Wmissing-declarations -Wundef -Winit-self -Wpointer-arith -Wshadow -Wsign-promo -Wuninitialized -Winit-self -Wno-narrowing -Wno-delete-non-virtual-dtor  -Wno-unnamed-type-template-args'
===== BUILD LOG =====
Change Dir: /home/eric/Documentos/github/nodejs-opencv/node_modules/opencv-build/opencv/build/CMakeFiles/CMakeTmp

Run Build Command:"/usr/bin/make" "cmTC_f07ec/fast"
/usr/bin/make -f CMakeFiles/cmTC_f07ec.dir/build.make CMakeFiles/cmTC_f07ec.dir/build
make[1]: se entra en el directorio '/home/eric/Documentos/github/nodejs-opencv/node_modules/opencv-build/opencv/build/CMakeFiles/CMakeTmp'
Building CXX object CMakeFiles/cmTC_f07ec.dir/src.cxx.o
/usr/bin/c++     -O3 -DNDEBUG -fPIE   -fsigned-char -W -Wall -Werror=return-type -Werror=non-virtual-dtor -Werror=address -Werror=sequence-point -Wformat -Werror=format-security -Wmissing-declarations -Wundef -Winit-self -Wpointer-arith -Wshadow -Wsign-promo -Wuninitialized -Winit-self -Wno-narrowing -Wno-delete-non-virtual-dtor -Wno-unnamed-type-template-args -o CMakeFiles/cmTC_f07ec.dir/src.cxx.o -c /home/eric/Documentos/github/nodejs-opencv/node_modules/opencv-build/opencv/build/CMakeFiles/CMakeTmp/src.cxx
/home/eric/Documentos/github/nodejs-opencv/node_modules/opencv-build/opencv/build/CMakeFiles/CMakeTmp/src.cxx:1:0: warning: ignoring #pragma   [-Wunknown-pragmas]
 #pragma
 ^
cc1plus: warning: unrecognized command line option ‘-Wno-unnamed-type-template-args’
Linking CXX executable cmTC_f07ec
/usr/bin/cmake -E cmake_link_script CMakeFiles/cmTC_f07ec.dir/link.txt --verbose=1
/usr/bin/c++     -O3 -DNDEBUG    CMakeFiles/cmTC_f07ec.dir/src.cxx.o  -o cmTC_f07ec -rdynamic 
make[1]: se sale del directorio '/home/eric/Documentos/github/nodejs-opencv/node_modules/opencv-build/opencv/build/CMakeFiles/CMakeTmp'

===== END =====

Build output check failed:
    Regex: 'unrecognized .*option'
    Output line: 'cc1: warning: unrecognized command line option ‘-Wno-unnamed-type-template-args’'
Compilation failed:
    source file: '/home/eric/Documentos/github/nodejs-opencv/node_modules/opencv-build/opencv/build/CMakeFiles/CMakeTmp/src.c'
    check option: ' -fsigned-char -W -Wall -Werror=return-type -Werror=non-virtual-dtor -Werror=address -Werror=sequence-point -Wformat -Werror=format-security -Wmissing-declarations -Wmissing-prototypes -Wstrict-prototypes -Wundef -Winit-self -Wpointer-arith -Wshadow -Wuninitialized -Winit-self -Wno-narrowing  -Wno-unnamed-type-template-args'
===== BUILD LOG =====
Change Dir: /home/eric/Documentos/github/nodejs-opencv/node_modules/opencv-build/opencv/build/CMakeFiles/CMakeTmp

Run Build Command:"/usr/bin/make" "cmTC_50ae0/fast"
/usr/bin/make -f CMakeFiles/cmTC_50ae0.dir/build.make CMakeFiles/cmTC_50ae0.dir/build
make[1]: se entra en el directorio '/home/eric/Documentos/github/nodejs-opencv/node_modules/opencv-build/opencv/build/CMakeFiles/CMakeTmp'
Building C object CMakeFiles/cmTC_50ae0.dir/src.c.o
/usr/bin/cc    -O3 -DNDEBUG -fPIE   -fsigned-char -W -Wall -Werror=return-type -Werror=non-virtual-dtor -Werror=address -Werror=sequence-point -Wformat -Werror=format-security -Wmissing-declarations -Wmissing-prototypes -Wstrict-prototypes -Wundef -Winit-self -Wpointer-arith -Wshadow -Wuninitialized -Winit-self -Wno-narrowing -Wno-unnamed-type-template-args -o CMakeFiles/cmTC_50ae0.dir/src.c.o   -c /home/eric/Documentos/github/nodejs-opencv/node_modules/opencv-build/opencv/build/CMakeFiles/CMakeTmp/src.c
/home/eric/Documentos/github/nodejs-opencv/node_modules/opencv-build/opencv/build/CMakeFiles/CMakeTmp/src.c:1:0: warning: ignoring #pragma   [-Wunknown-pragmas]
 #pragma
 ^
cc1: warning: unrecognized command line option ‘-Wno-unnamed-type-template-args’
Linking C executable cmTC_50ae0
/usr/bin/cmake -E cmake_link_script CMakeFiles/cmTC_50ae0.dir/link.txt --verbose=1
/usr/bin/cc    -O3 -DNDEBUG    CMakeFiles/cmTC_50ae0.dir/src.c.o  -o cmTC_50ae0 -rdynamic 
make[1]: se sale del directorio '/home/eric/Documentos/github/nodejs-opencv/node_modules/opencv-build/opencv/build/CMakeFiles/CMakeTmp'

===== END =====

Build output check failed:
    Regex: 'command line option .* is valid for .* but not for C'
    Output line: 'cc1: warning: command line option ‘-fvisibility-inlines-hidden’ is valid for C++/ObjC++ but not for C'
Compilation failed:
    source file: '/home/eric/Documentos/github/nodejs-opencv/node_modules/opencv-build/opencv/build/CMakeFiles/CMakeTmp/src.c'
    check option: ' -fsigned-char -W -Wall -Werror=return-type -Werror=non-virtual-dtor -Werror=address -Werror=sequence-point -Wformat -Werror=format-security -Wmissing-declarations -Wmissing-prototypes -Wstrict-prototypes -Wundef -Winit-self -Wpointer-arith -Wshadow -Wuninitialized -Winit-self -Wno-narrowing -Wno-comment -fdiagnostics-show-option -Wno-long-long -pthread -fomit-frame-pointer -ffunction-sections -fdata-sections  -msse -msse2 -msse3 -fvisibility=hidden  -fvisibility-inlines-hidden'
===== BUILD LOG =====
Change Dir: /home/eric/Documentos/github/nodejs-opencv/node_modules/opencv-build/opencv/build/CMakeFiles/CMakeTmp

Run Build Command:"/usr/bin/make" "cmTC_5105f/fast"
/usr/bin/make -f CMakeFiles/cmTC_5105f.dir/build.make CMakeFiles/cmTC_5105f.dir/build
make[1]: se entra en el directorio '/home/eric/Documentos/github/nodejs-opencv/node_modules/opencv-build/opencv/build/CMakeFiles/CMakeTmp'
Building C object CMakeFiles/cmTC_5105f.dir/src.c.o
/usr/bin/cc    -O3 -DNDEBUG -fPIE   -fsigned-char -W -Wall -Werror=return-type -Werror=non-virtual-dtor -Werror=address -Werror=sequence-point -Wformat -Werror=format-security -Wmissing-declarations -Wmissing-prototypes -Wstrict-prototypes -Wundef -Winit-self -Wpointer-arith -Wshadow -Wuninitialized -Winit-self -Wno-narrowing -Wno-comment -fdiagnostics-show-option -Wno-long-long -pthread -fomit-frame-pointer -ffunction-sections -fdata-sections -msse -msse2 -msse3 -fvisibility=hidden -fvisibility-inlines-hidden -o CMakeFiles/cmTC_5105f.dir/src.c.o   -c /home/eric/Documentos/github/nodejs-opencv/node_modules/opencv-build/opencv/build/CMakeFiles/CMakeTmp/src.c
cc1: warning: command line option ‘-fvisibility-inlines-hidden’ is valid for C++/ObjC++ but not for C
/home/eric/Documentos/github/nodejs-opencv/node_modules/opencv-build/opencv/build/CMakeFiles/CMakeTmp/src.c:1:0: warning: ignoring #pragma   [-Wunknown-pragmas]
 #pragma
 ^
Linking C executable cmTC_5105f
/usr/bin/cmake -E cmake_link_script CMakeFiles/cmTC_5105f.dir/link.txt --verbose=1
/usr/bin/cc    -O3 -DNDEBUG    CMakeFiles/cmTC_5105f.dir/src.c.o  -o cmTC_5105f -rdynamic 
make[1]: se sale del directorio '/home/eric/Documentos/github/nodejs-opencv/node_modules/opencv-build/opencv/build/CMakeFiles/CMakeTmp'

===== END =====

Determining if the system is big endian passed with the following output:
Change Dir: /home/eric/Documentos/github/nodejs-opencv/node_modules/opencv-build/opencv/build/CMakeFiles/CMakeTmp

Run Build Command:"/usr/bin/make" "cmTC_5183e/fast"
/usr/bin/make -f CMakeFiles/cmTC_5183e.dir/build.make CMakeFiles/cmTC_5183e.dir/build
make[1]: se entra en el directorio '/home/eric/Documentos/github/nodejs-opencv/node_modules/opencv-build/opencv/build/CMakeFiles/CMakeTmp'
Building C object CMakeFiles/cmTC_5183e.dir/TestEndianess.c.o
/usr/bin/cc    -fsigned-char -W -Wall -Werror=return-type -Werror=non-virtual-dtor -Werror=address -Werror=sequence-point -Wformat -Werror=format-security -Wmissing-declarations -Wmissing-prototypes -Wstrict-prototypes -Wundef -Winit-self -Wpointer-arith -Wshadow -Wuninitialized -Winit-self -Wno-narrowing -Wno-comment -fdiagnostics-show-option -Wno-long-long -pthread -fomit-frame-pointer -ffunction-sections -fdata-sections  -msse -msse2 -msse3 -fvisibility=hidden  -O3 -DNDEBUG -fPIE   -o CMakeFiles/cmTC_5183e.dir/TestEndianess.c.o   -c /home/eric/Documentos/github/nodejs-opencv/node_modules/opencv-build/opencv/build/CMakeFiles/CMakeTmp/TestEndianess.c
Linking C executable cmTC_5183e
/usr/bin/cmake -E cmake_link_script CMakeFiles/cmTC_5183e.dir/link.txt --verbose=1
/usr/bin/cc     -fsigned-char -W -Wall -Werror=return-type -Werror=non-virtual-dtor -Werror=address -Werror=sequence-point -Wformat -Werror=format-security -Wmissing-declarations -Wmissing-prototypes -Wstrict-prototypes -Wundef -Winit-self -Wpointer-arith -Wshadow -Wuninitialized -Winit-self -Wno-narrowing -Wno-comment -fdiagnostics-show-option -Wno-long-long -pthread -fomit-frame-pointer -ffunction-sections -fdata-sections  -msse -msse2 -msse3 -fvisibility=hidden  -O3 -DNDEBUG    -Wl,--gc-sections  CMakeFiles/cmTC_5183e.dir/TestEndianess.c.o  -o cmTC_5183e -rdynamic 
make[1]: se sale del directorio '/home/eric/Documentos/github/nodejs-opencv/node_modules/opencv-build/opencv/build/CMakeFiles/CMakeTmp'

TestEndianess.c:
/* A 16 bit integer is required. */
typedef unsigned short cmakeint16;

/* On a little endian machine, these 16bit ints will give "THIS IS LITTLE ENDIAN."
   On a big endian machine the characters will be exchanged pairwise. */
const cmakeint16 info_little[] =  {0x4854, 0x5349, 0x4920, 0x2053, 0x494c, 0x5454, 0x454c, 0x4520, 0x444e, 0x4149, 0x2e4e, 0x0000};

/* on a big endian machine, these 16bit ints will give "THIS IS BIG ENDIAN."
   On a little endian machine the characters will be exchanged pairwise. */
const cmakeint16 info_big[] =     {0x5448, 0x4953, 0x2049, 0x5320, 0x4249, 0x4720, 0x454e, 0x4449, 0x414e, 0x2e2e, 0x0000};

#ifdef __CLASSIC_C__
int main(argc, argv) int argc; char *argv[];
#else
int main(int argc, char *argv[])
#endif
{
  int require = 0;
  require += info_little[argc];
  require += info_big[argc];
  (void)argv;
  return require;
}


Build output check failed:
    Regex: 'unrecognized .*option'
    Output line: 'cc1: warning: unrecognized command line option ‘-Wno-implicit-fallthrough’'
Compilation failed:
    source file: '/home/eric/Documentos/github/nodejs-opencv/node_modules/opencv-build/opencv/build/CMakeFiles/CMakeTmp/src.c'
    check option: ' -Wno-implicit-fallthrough'
===== BUILD LOG =====
Change Dir: /home/eric/Documentos/github/nodejs-opencv/node_modules/opencv-build/opencv/build/CMakeFiles/CMakeTmp

Run Build Command:"/usr/bin/make" "cmTC_af680/fast"
/usr/bin/make -f CMakeFiles/cmTC_af680.dir/build.make CMakeFiles/cmTC_af680.dir/build
make[1]: se entra en el directorio '/home/eric/Documentos/github/nodejs-opencv/node_modules/opencv-build/opencv/build/CMakeFiles/CMakeTmp'
Building C object CMakeFiles/cmTC_af680.dir/src.c.o
/usr/bin/cc    -fsigned-char -W -Wall -Werror=return-type -Werror=non-virtual-dtor -Werror=address -Werror=sequence-point -Wformat -Werror=format-security   -Wstrict-prototypes -Wundef -Winit-self -Wpointer-arith  -Wuninitialized -Winit-self -Wno-narrowing -Wno-comment -fdiagnostics-show-option -Wno-long-long -pthread -fomit-frame-pointer -ffunction-sections -fdata-sections  -msse -msse2 -msse3 -fvisibility=hidden -Wno-unused-variable -Wno-unused-function -Wno-shadow -Wno-maybe-uninitialized -Wno-missing-prototypes -Wno-missing-declarations  -O3 -DNDEBUG -fPIE   -Wno-implicit-fallthrough -o CMakeFiles/cmTC_af680.dir/src.c.o   -c /home/eric/Documentos/github/nodejs-opencv/node_modules/opencv-build/opencv/build/CMakeFiles/CMakeTmp/src.c
/home/eric/Documentos/github/nodejs-opencv/node_modules/opencv-build/opencv/build/CMakeFiles/CMakeTmp/src.c:1:0: warning: ignoring #pragma   [-Wunknown-pragmas]
 #pragma
 ^
cc1: warning: unrecognized command line option ‘-Wno-implicit-fallthrough’
Linking C executable cmTC_af680
/usr/bin/cmake -E cmake_link_script CMakeFiles/cmTC_af680.dir/link.txt --verbose=1
/usr/bin/cc     -fsigned-char -W -Wall -Werror=return-type -Werror=non-virtual-dtor -Werror=address -Werror=sequence-point -Wformat -Werror=format-security   -Wstrict-prototypes -Wundef -Winit-self -Wpointer-arith  -Wuninitialized -Winit-self -Wno-narrowing -Wno-comment -fdiagnostics-show-option -Wno-long-long -pthread -fomit-frame-pointer -ffunction-sections -fdata-sections  -msse -msse2 -msse3 -fvisibility=hidden -Wno-unused-variable -Wno-unused-function -Wno-shadow -Wno-maybe-uninitialized -Wno-missing-prototypes -Wno-missing-declarations  -O3 -DNDEBUG    -Wl,--gc-sections  CMakeFiles/cmTC_af680.dir/src.c.o  -o cmTC_af680 -rdynamic 
make[1]: se sale del directorio '/home/eric/Documentos/github/nodejs-opencv/node_modules/opencv-build/opencv/build/CMakeFiles/CMakeTmp'

===== END =====

Build output check failed:
    Regex: 'unrecognized .*option'
    Output line: 'cc1plus: warning: unrecognized command line option ‘-Wno-misleading-indentation’'
Compilation failed:
    source file: '/home/eric/Documentos/github/nodejs-opencv/node_modules/opencv-build/opencv/build/CMakeFiles/CMakeTmp/src.cxx'
    check option: ' -Wno-misleading-indentation'
===== BUILD LOG =====
Change Dir: /home/eric/Documentos/github/nodejs-opencv/node_modules/opencv-build/opencv/build/CMakeFiles/CMakeTmp

Run Build Command:"/usr/bin/make" "cmTC_48cd9/fast"
/usr/bin/make -f CMakeFiles/cmTC_48cd9.dir/build.make CMakeFiles/cmTC_48cd9.dir/build
make[1]: se entra en el directorio '/home/eric/Documentos/github/nodejs-opencv/node_modules/opencv-build/opencv/build/CMakeFiles/CMakeTmp'
Building CXX object CMakeFiles/cmTC_48cd9.dir/src.cxx.o
/usr/bin/c++     -fsigned-char -W -Wall -Werror=return-type -Werror=non-virtual-dtor -Werror=address -Werror=sequence-point -Wformat -Werror=format-security   -Winit-self -Wpointer-arith  -Wsign-promo  -Winit-self -Wno-narrowing -Wno-delete-non-virtual-dtor -Wno-comment -fdiagnostics-show-option -Wno-long-long -pthread -fomit-frame-pointer -ffunction-sections -fdata-sections  -msse -msse2 -msse3 -fvisibility=hidden -fvisibility-inlines-hidden -Wno-shadow -Wno-unused -Wno-sign-compare -Wno-undef -Wno-missing-declarations -Wno-uninitialized -Wno-switch -Wno-parentheses -Wno-array-bounds -Wno-extra -Wno-deprecated-declarations  -O3 -DNDEBUG -fPIE   -Wno-misleading-indentation -o CMakeFiles/cmTC_48cd9.dir/src.cxx.o -c /home/eric/Documentos/github/nodejs-opencv/node_modules/opencv-build/opencv/build/CMakeFiles/CMakeTmp/src.cxx
/home/eric/Documentos/github/nodejs-opencv/node_modules/opencv-build/opencv/build/CMakeFiles/CMakeTmp/src.cxx:1:0: warning: ignoring #pragma   [-Wunknown-pragmas]
 #pragma
 ^
cc1plus: warning: unrecognized command line option ‘-Wno-misleading-indentation’
Linking CXX executable cmTC_48cd9
/usr/bin/cmake -E cmake_link_script CMakeFiles/cmTC_48cd9.dir/link.txt --verbose=1
/usr/bin/c++      -fsigned-char -W -Wall -Werror=return-type -Werror=non-virtual-dtor -Werror=address -Werror=sequence-point -Wformat -Werror=format-security   -Winit-self -Wpointer-arith  -Wsign-promo  -Winit-self -Wno-narrowing -Wno-delete-non-virtual-dtor -Wno-comment -fdiagnostics-show-option -Wno-long-long -pthread -fomit-frame-pointer -ffunction-sections -fdata-sections  -msse -msse2 -msse3 -fvisibility=hidden -fvisibility-inlines-hidden -Wno-shadow -Wno-unused -Wno-sign-compare -Wno-undef -Wno-missing-declarations -Wno-uninitialized -Wno-switch -Wno-parentheses -Wno-array-bounds -Wno-extra -Wno-deprecated-declarations  -O3 -DNDEBUG    -Wl,--gc-sections  CMakeFiles/cmTC_48cd9.dir/src.cxx.o  -o cmTC_48cd9 -rdynamic 
make[1]: se sale del directorio '/home/eric/Documentos/github/nodejs-opencv/node_modules/opencv-build/opencv/build/CMakeFiles/CMakeTmp'

===== END =====

Build output check failed:
    Regex: 'unrecognized .*option'
    Output line: 'cc1plus: warning: unrecognized command line option ‘-Wno-inconsistent-missing-override’'
Compilation failed:
    source file: '/home/eric/Documentos/github/nodejs-opencv/node_modules/opencv-build/opencv/build/CMakeFiles/CMakeTmp/src.cxx'
    check option: ' -Wno-inconsistent-missing-override'
===== BUILD LOG =====
Change Dir: /home/eric/Documentos/github/nodejs-opencv/node_modules/opencv-build/opencv/build/CMakeFiles/CMakeTmp

Run Build Command:"/usr/bin/make" "cmTC_b881e/fast"
/usr/bin/make -f CMakeFiles/cmTC_b881e.dir/build.make CMakeFiles/cmTC_b881e.dir/build
make[1]: se entra en el directorio '/home/eric/Documentos/github/nodejs-opencv/node_modules/opencv-build/opencv/build/CMakeFiles/CMakeTmp'
Building CXX object CMakeFiles/cmTC_b881e.dir/src.cxx.o
/usr/bin/c++     -fsigned-char -W -Wall -Werror=return-type -Werror=non-virtual-dtor -Werror=address -Werror=sequence-point -Wformat -Werror=format-security   -Winit-self -Wpointer-arith  -Wsign-promo  -Winit-self -Wno-narrowing -Wno-delete-non-virtual-dtor -Wno-comment -fdiagnostics-show-option -Wno-long-long -pthread -fomit-frame-pointer -ffunction-sections -fdata-sections  -msse -msse2 -msse3 -fvisibility=hidden -fvisibility-inlines-hidden -Wno-shadow -Wno-unused -Wno-sign-compare -Wno-undef -Wno-missing-declarations -Wno-uninitialized -Wno-switch -Wno-parentheses -Wno-array-bounds -Wno-extra -Wno-deprecated-declarations -Wno-deprecated -Wno-suggest-override  -O3 -DNDEBUG -fPIE   -Wno-inconsistent-missing-override -o CMakeFiles/cmTC_b881e.dir/src.cxx.o -c /home/eric/Documentos/github/nodejs-opencv/node_modules/opencv-build/opencv/build/CMakeFiles/CMakeTmp/src.cxx
/home/eric/Documentos/github/nodejs-opencv/node_modules/opencv-build/opencv/build/CMakeFiles/CMakeTmp/src.cxx:1:0: warning: ignoring #pragma   [-Wunknown-pragmas]
 #pragma
 ^
cc1plus: warning: unrecognized command line option ‘-Wno-inconsistent-missing-override’
Linking CXX executable cmTC_b881e
/usr/bin/cmake -E cmake_link_script CMakeFiles/cmTC_b881e.dir/link.txt --verbose=1
/usr/bin/c++      -fsigned-char -W -Wall -Werror=return-type -Werror=non-virtual-dtor -Werror=address -Werror=sequence-point -Wformat -Werror=format-security   -Winit-self -Wpointer-arith  -Wsign-promo  -Winit-self -Wno-narrowing -Wno-delete-non-virtual-dtor -Wno-comment -fdiagnostics-show-option -Wno-long-long -pthread -fomit-frame-pointer -ffunction-sections -fdata-sections  -msse -msse2 -msse3 -fvisibility=hidden -fvisibility-inlines-hidden -Wno-shadow -Wno-unused -Wno-sign-compare -Wno-undef -Wno-missing-declarations -Wno-uninitialized -Wno-switch -Wno-parentheses -Wno-array-bounds -Wno-extra -Wno-deprecated-declarations -Wno-deprecated -Wno-suggest-override  -O3 -DNDEBUG    -Wl,--gc-sections  CMakeFiles/cmTC_b881e.dir/src.cxx.o  -o cmTC_b881e -rdynamic 
make[1]: se sale del directorio '/home/eric/Documentos/github/nodejs-opencv/node_modules/opencv-build/opencv/build/CMakeFiles/CMakeTmp'

===== END =====

Build output check failed:
    Regex: 'unrecognized .*option'
    Output line: 'cc1plus: warning: unrecognized command line option ‘-Wno-implicit-fallthrough’'
Compilation failed:
    source file: '/home/eric/Documentos/github/nodejs-opencv/node_modules/opencv-build/opencv/build/CMakeFiles/CMakeTmp/src.cxx'
    check option: ' -Wno-implicit-fallthrough'
===== BUILD LOG =====
Change Dir: /home/eric/Documentos/github/nodejs-opencv/node_modules/opencv-build/opencv/build/CMakeFiles/CMakeTmp

Run Build Command:"/usr/bin/make" "cmTC_b5b91/fast"
/usr/bin/make -f CMakeFiles/cmTC_b5b91.dir/build.make CMakeFiles/cmTC_b5b91.dir/build
make[1]: se entra en el directorio '/home/eric/Documentos/github/nodejs-opencv/node_modules/opencv-build/opencv/build/CMakeFiles/CMakeTmp'
Building CXX object CMakeFiles/cmTC_b5b91.dir/src.cxx.o
/usr/bin/c++     -fsigned-char -W -Wall -Werror=return-type -Werror=non-virtual-dtor -Werror=address -Werror=sequence-point -Wformat -Werror=format-security   -Winit-self -Wpointer-arith  -Wsign-promo  -Winit-self -Wno-narrowing -Wno-delete-non-virtual-dtor -Wno-comment -fdiagnostics-show-option -Wno-long-long -pthread -fomit-frame-pointer -ffunction-sections -fdata-sections  -msse -msse2 -msse3 -fvisibility=hidden -fvisibility-inlines-hidden -Wno-shadow -Wno-unused -Wno-sign-compare -Wno-undef -Wno-missing-declarations -Wno-uninitialized -Wno-switch -Wno-parentheses -Wno-array-bounds -Wno-extra -Wno-deprecated-declarations -Wno-deprecated -Wno-suggest-override  -O3 -DNDEBUG -fPIE   -Wno-implicit-fallthrough -o CMakeFiles/cmTC_b5b91.dir/src.cxx.o -c /home/eric/Documentos/github/nodejs-opencv/node_modules/opencv-build/opencv/build/CMakeFiles/CMakeTmp/src.cxx
/home/eric/Documentos/github/nodejs-opencv/node_modules/opencv-build/opencv/build/CMakeFiles/CMakeTmp/src.cxx:1:0: warning: ignoring #pragma   [-Wunknown-pragmas]
 #pragma
 ^
cc1plus: warning: unrecognized command line option ‘-Wno-implicit-fallthrough’
Linking CXX executable cmTC_b5b91
/usr/bin/cmake -E cmake_link_script CMakeFiles/cmTC_b5b91.dir/link.txt --verbose=1
/usr/bin/c++      -fsigned-char -W -Wall -Werror=return-type -Werror=non-virtual-dtor -Werror=address -Werror=sequence-point -Wformat -Werror=format-security   -Winit-self -Wpointer-arith  -Wsign-promo  -Winit-self -Wno-narrowing -Wno-delete-non-virtual-dtor -Wno-comment -fdiagnostics-show-option -Wno-long-long -pthread -fomit-frame-pointer -ffunction-sections -fdata-sections  -msse -msse2 -msse3 -fvisibility=hidden -fvisibility-inlines-hidden -Wno-shadow -Wno-unused -Wno-sign-compare -Wno-undef -Wno-missing-declarations -Wno-uninitialized -Wno-switch -Wno-parentheses -Wno-array-bounds -Wno-extra -Wno-deprecated-declarations -Wno-deprecated -Wno-suggest-override  -O3 -DNDEBUG    -Wl,--gc-sections  CMakeFiles/cmTC_b5b91.dir/src.cxx.o  -o cmTC_b5b91 -rdynamic 
make[1]: se sale del directorio '/home/eric/Documentos/github/nodejs-opencv/node_modules/opencv-build/opencv/build/CMakeFiles/CMakeTmp'

===== END =====

Determining if the include file linux/videodev.h exists failed with the following output:
Change Dir: /home/eric/Documentos/github/nodejs-opencv/node_modules/opencv-build/opencv/build/CMakeFiles/CMakeTmp

Run Build Command:"/usr/bin/make" "cmTC_6b7fa/fast"
/usr/bin/make -f CMakeFiles/cmTC_6b7fa.dir/build.make CMakeFiles/cmTC_6b7fa.dir/build
make[1]: se entra en el directorio '/home/eric/Documentos/github/nodejs-opencv/node_modules/opencv-build/opencv/build/CMakeFiles/CMakeTmp'
Building C object CMakeFiles/cmTC_6b7fa.dir/CheckIncludeFile.c.o
/usr/bin/cc    -fsigned-char -W -Wall -Werror=return-type -Werror=non-virtual-dtor -Werror=address -Werror=sequence-point -Wformat -Werror=format-security -Wmissing-declarations -Wmissing-prototypes -Wstrict-prototypes -Wundef -Winit-self -Wpointer-arith -Wshadow -Wuninitialized -Winit-self -Wno-narrowing -Wno-comment -fdiagnostics-show-option -Wno-long-long -pthread -fomit-frame-pointer -ffunction-sections -fdata-sections  -msse -msse2 -msse3 -fvisibility=hidden  -O3 -DNDEBUG -fPIE   -o CMakeFiles/cmTC_6b7fa.dir/CheckIncludeFile.c.o   -c /home/eric/Documentos/github/nodejs-opencv/node_modules/opencv-build/opencv/build/CMakeFiles/CMakeTmp/CheckIncludeFile.c
/home/eric/Documentos/github/nodejs-opencv/node_modules/opencv-build/opencv/build/CMakeFiles/CMakeTmp/CheckIncludeFile.c:1:28: fatal error: linux/videodev.h: No existe el archivo o el directorio
compilation terminated.
CMakeFiles/cmTC_6b7fa.dir/build.make:65: fallo en las instrucciones para el objetivo 'CMakeFiles/cmTC_6b7fa.dir/CheckIncludeFile.c.o'
make[1]: *** [CMakeFiles/cmTC_6b7fa.dir/CheckIncludeFile.c.o] Error 1
make[1]: se sale del directorio '/home/eric/Documentos/github/nodejs-opencv/node_modules/opencv-build/opencv/build/CMakeFiles/CMakeTmp'
Makefile:126: fallo en las instrucciones para el objetivo 'cmTC_6b7fa/fast'
make: *** [cmTC_6b7fa/fast] Error 2


Determining if the include file sys/videoio.h exists failed with the following output:
Change Dir: /home/eric/Documentos/github/nodejs-opencv/node_modules/opencv-build/opencv/build/CMakeFiles/CMakeTmp

Run Build Command:"/usr/bin/make" "cmTC_f6363/fast"
/usr/bin/make -f CMakeFiles/cmTC_f6363.dir/build.make CMakeFiles/cmTC_f6363.dir/build
make[1]: se entra en el directorio '/home/eric/Documentos/github/nodejs-opencv/node_modules/opencv-build/opencv/build/CMakeFiles/CMakeTmp'
Building C object CMakeFiles/cmTC_f6363.dir/CheckIncludeFile.c.o
/usr/bin/cc    -fsigned-char -W -Wall -Werror=return-type -Werror=non-virtual-dtor -Werror=address -Werror=sequence-point -Wformat -Werror=format-security -Wmissing-declarations -Wmissing-prototypes -Wstrict-prototypes -Wundef -Winit-self -Wpointer-arith -Wshadow -Wuninitialized -Winit-self -Wno-narrowing -Wno-comment -fdiagnostics-show-option -Wno-long-long -pthread -fomit-frame-pointer -ffunction-sections -fdata-sections  -msse -msse2 -msse3 -fvisibility=hidden  -O3 -DNDEBUG -fPIE   -o CMakeFiles/cmTC_f6363.dir/CheckIncludeFile.c.o   -c /home/eric/Documentos/github/nodejs-opencv/node_modules/opencv-build/opencv/build/CMakeFiles/CMakeTmp/CheckIncludeFile.c
/home/eric/Documentos/github/nodejs-opencv/node_modules/opencv-build/opencv/build/CMakeFiles/CMakeTmp/CheckIncludeFile.c:1:25: fatal error: sys/videoio.h: No existe el archivo o el directorio
compilation terminated.
CMakeFiles/cmTC_f6363.dir/build.make:65: fallo en las instrucciones para el objetivo 'CMakeFiles/cmTC_f6363.dir/CheckIncludeFile.c.o'
make[1]: *** [CMakeFiles/cmTC_f6363.dir/CheckIncludeFile.c.o] Error 1
make[1]: se sale del directorio '/home/eric/Documentos/github/nodejs-opencv/node_modules/opencv-build/opencv/build/CMakeFiles/CMakeTmp'
Makefile:126: fallo en las instrucciones para el objetivo 'cmTC_f6363/fast'
make: *** [cmTC_f6363/fast] Error 2


Build output check failed:
    Regex: 'command line option .* is valid for .* but not for C\+\+'
    Output line: 'cc1plus: warning: command line option ‘-Wno-missing-prototypes’ is valid for C/ObjC but not for C++'
Compilation failed:
    source file: '/home/eric/Documentos/github/nodejs-opencv/node_modules/opencv-build/opencv/build/CMakeFiles/CMakeTmp/src.cxx'
    check option: ' -Wno-missing-prototypes'
===== BUILD LOG =====
Change Dir: /home/eric/Documentos/github/nodejs-opencv/node_modules/opencv-build/opencv/build/CMakeFiles/CMakeTmp

Run Build Command:"/usr/bin/make" "cmTC_9c5fd/fast"
/usr/bin/make -f CMakeFiles/cmTC_9c5fd.dir/build.make CMakeFiles/cmTC_9c5fd.dir/build
make[1]: se entra en el directorio '/home/eric/Documentos/github/nodejs-opencv/node_modules/opencv-build/opencv/build/CMakeFiles/CMakeTmp'
Building CXX object CMakeFiles/cmTC_9c5fd.dir/src.cxx.o
/usr/bin/c++     -fsigned-char -W -Wall -Werror=return-type -Werror=non-virtual-dtor -Werror=address -Werror=sequence-point -Wformat -Werror=format-security -Wmissing-declarations -Wundef -Winit-self -Wpointer-arith -Wshadow -Wsign-promo -Wuninitialized -Winit-self -Wno-narrowing -Wno-delete-non-virtual-dtor -Wno-comment -fdiagnostics-show-option -Wno-long-long -pthread -fomit-frame-pointer -ffunction-sections -fdata-sections  -msse -msse2 -msse3 -fvisibility=hidden -fvisibility-inlines-hidden -Wno-deprecated  -O3 -DNDEBUG -fPIE   -Wno-missing-prototypes -o CMakeFiles/cmTC_9c5fd.dir/src.cxx.o -c /home/eric/Documentos/github/nodejs-opencv/node_modules/opencv-build/opencv/build/CMakeFiles/CMakeTmp/src.cxx
cc1plus: warning: command line option ‘-Wno-missing-prototypes’ is valid for C/ObjC but not for C++
/home/eric/Documentos/github/nodejs-opencv/node_modules/opencv-build/opencv/build/CMakeFiles/CMakeTmp/src.cxx:1:0: warning: ignoring #pragma   [-Wunknown-pragmas]
 #pragma
 ^
Linking CXX executable cmTC_9c5fd
/usr/bin/cmake -E cmake_link_script CMakeFiles/cmTC_9c5fd.dir/link.txt --verbose=1
/usr/bin/c++      -fsigned-char -W -Wall -Werror=return-type -Werror=non-virtual-dtor -Werror=address -Werror=sequence-point -Wformat -Werror=format-security -Wmissing-declarations -Wundef -Winit-self -Wpointer-arith -Wshadow -Wsign-promo -Wuninitialized -Winit-self -Wno-narrowing -Wno-delete-non-virtual-dtor -Wno-comment -fdiagnostics-show-option -Wno-long-long -pthread -fomit-frame-pointer -ffunction-sections -fdata-sections  -msse -msse2 -msse3 -fvisibility=hidden -fvisibility-inlines-hidden -Wno-deprecated  -O3 -DNDEBUG    -Wl,--gc-sections  CMakeFiles/cmTC_9c5fd.dir/src.cxx.o  -o cmTC_9c5fd -rdynamic 
make[1]: se sale del directorio '/home/eric/Documentos/github/nodejs-opencv/node_modules/opencv-build/opencv/build/CMakeFiles/CMakeTmp'

===== END =====

Build output check failed:
    Regex: 'unrecognized .*option'
    Output line: 'cc1plus: warning: unrecognized command line option ‘-Wno-tautological-undefined-compare’'
Compilation failed:
    source file: '/home/eric/Documentos/github/nodejs-opencv/node_modules/opencv-build/opencv/build/CMakeFiles/CMakeTmp/src.cxx'
    check option: ' -Wno-tautological-undefined-compare'
===== BUILD LOG =====
Change Dir: /home/eric/Documentos/github/nodejs-opencv/node_modules/opencv-build/opencv/build/CMakeFiles/CMakeTmp

Run Build Command:"/usr/bin/make" "cmTC_17da7/fast"
/usr/bin/make -f CMakeFiles/cmTC_17da7.dir/build.make CMakeFiles/cmTC_17da7.dir/build
make[1]: se entra en el directorio '/home/eric/Documentos/github/nodejs-opencv/node_modules/opencv-build/opencv/build/CMakeFiles/CMakeTmp'
Building CXX object CMakeFiles/cmTC_17da7.dir/src.cxx.o
/usr/bin/c++     -fsigned-char -W -Wall -Werror=return-type -Werror=non-virtual-dtor -Werror=address -Werror=sequence-point -Wformat -Werror=format-security   -Winit-self -Wpointer-arith   -Wuninitialized -Winit-self -Wno-narrowing -Wno-delete-non-virtual-dtor -Wno-comment -fdiagnostics-show-option -Wno-long-long -pthread -fomit-frame-pointer -ffunction-sections -fdata-sections  -msse -msse2 -msse3 -fvisibility=hidden -fvisibility-inlines-hidden -Wno-deprecated -Wno-missing-declarations -Wno-shadow -Wno-unused-parameter -Wno-unused-local-typedefs -Wno-sign-compare -Wno-sign-promo -Wno-undef  -O3 -DNDEBUG -fPIE   -Wno-tautological-undefined-compare -o CMakeFiles/cmTC_17da7.dir/src.cxx.o -c /home/eric/Documentos/github/nodejs-opencv/node_modules/opencv-build/opencv/build/CMakeFiles/CMakeTmp/src.cxx
/home/eric/Documentos/github/nodejs-opencv/node_modules/opencv-build/opencv/build/CMakeFiles/CMakeTmp/src.cxx:1:0: warning: ignoring #pragma   [-Wunknown-pragmas]
 #pragma
 ^
cc1plus: warning: unrecognized command line option ‘-Wno-tautological-undefined-compare’
Linking CXX executable cmTC_17da7
/usr/bin/cmake -E cmake_link_script CMakeFiles/cmTC_17da7.dir/link.txt --verbose=1
/usr/bin/c++      -fsigned-char -W -Wall -Werror=return-type -Werror=non-virtual-dtor -Werror=address -Werror=sequence-point -Wformat -Werror=format-security   -Winit-self -Wpointer-arith   -Wuninitialized -Winit-self -Wno-narrowing -Wno-delete-non-virtual-dtor -Wno-comment -fdiagnostics-show-option -Wno-long-long -pthread -fomit-frame-pointer -ffunction-sections -fdata-sections  -msse -msse2 -msse3 -fvisibility=hidden -fvisibility-inlines-hidden -Wno-deprecated -Wno-missing-declarations -Wno-shadow -Wno-unused-parameter -Wno-unused-local-typedefs -Wno-sign-compare -Wno-sign-promo -Wno-undef  -O3 -DNDEBUG    -Wl,--gc-sections  CMakeFiles/cmTC_17da7.dir/src.cxx.o  -o cmTC_17da7 -rdynamic 
make[1]: se sale del directorio '/home/eric/Documentos/github/nodejs-opencv/node_modules/opencv-build/opencv/build/CMakeFiles/CMakeTmp'

===== END =====

Build output check failed:
    Regex: 'unrecognized .*option'
    Output line: 'cc1plus: warning: unrecognized command line option ‘-Wno-unused-const-variable’'
Compilation failed:
    source file: '/home/eric/Documentos/github/nodejs-opencv/node_modules/opencv-build/opencv/build/CMakeFiles/CMakeTmp/src.cxx'
    check option: ' -Wno-unused-const-variable'
===== BUILD LOG =====
Change Dir: /home/eric/Documentos/github/nodejs-opencv/node_modules/opencv-build/opencv/build/CMakeFiles/CMakeTmp

Run Build Command:"/usr/bin/make" "cmTC_0f0e6/fast"
/usr/bin/make -f CMakeFiles/cmTC_0f0e6.dir/build.make CMakeFiles/cmTC_0f0e6.dir/build
make[1]: se entra en el directorio '/home/eric/Documentos/github/nodejs-opencv/node_modules/opencv-build/opencv/build/CMakeFiles/CMakeTmp'
Building CXX object CMakeFiles/cmTC_0f0e6.dir/src.cxx.o
/usr/bin/c++     -fsigned-char -W -Wall -Werror=return-type -Werror=non-virtual-dtor -Werror=address -Werror=sequence-point -Wformat -Werror=format-security   -Winit-self -Wpointer-arith   -Wuninitialized -Winit-self -Wno-narrowing -Wno-delete-non-virtual-dtor -Wno-comment -fdiagnostics-show-option -Wno-long-long -pthread -fomit-frame-pointer -ffunction-sections -fdata-sections  -msse -msse2 -msse3 -fvisibility=hidden -fvisibility-inlines-hidden -Wno-deprecated -Wno-missing-declarations -Wno-shadow -Wno-unused-parameter -Wno-unused-local-typedefs -Wno-sign-compare -Wno-sign-promo -Wno-undef -Wno-ignored-qualifiers -Wno-extra -Wno-unused-function  -O3 -DNDEBUG -fPIE   -Wno-unused-const-variable -o CMakeFiles/cmTC_0f0e6.dir/src.cxx.o -c /home/eric/Documentos/github/nodejs-opencv/node_modules/opencv-build/opencv/build/CMakeFiles/CMakeTmp/src.cxx
/home/eric/Documentos/github/nodejs-opencv/node_modules/opencv-build/opencv/build/CMakeFiles/CMakeTmp/src.cxx:1:0: warning: ignoring #pragma   [-Wunknown-pragmas]
 #pragma
 ^
cc1plus: warning: unrecognized command line option ‘-Wno-unused-const-variable’
Linking CXX executable cmTC_0f0e6
/usr/bin/cmake -E cmake_link_script CMakeFiles/cmTC_0f0e6.dir/link.txt --verbose=1
/usr/bin/c++      -fsigned-char -W -Wall -Werror=return-type -Werror=non-virtual-dtor -Werror=address -Werror=sequence-point -Wformat -Werror=format-security   -Winit-self -Wpointer-arith   -Wuninitialized -Winit-self -Wno-narrowing -Wno-delete-non-virtual-dtor -Wno-comment -fdiagnostics-show-option -Wno-long-long -pthread -fomit-frame-pointer -ffunction-sections -fdata-sections  -msse -msse2 -msse3 -fvisibility=hidden -fvisibility-inlines-hidden -Wno-deprecated -Wno-missing-declarations -Wno-shadow -Wno-unused-parameter -Wno-unused-local-typedefs -Wno-sign-compare -Wno-sign-promo -Wno-undef -Wno-ignored-qualifiers -Wno-extra -Wno-unused-function  -O3 -DNDEBUG    -Wl,--gc-sections  CMakeFiles/cmTC_0f0e6.dir/src.cxx.o  -o cmTC_0f0e6 -rdynamic 
make[1]: se sale del directorio '/home/eric/Documentos/github/nodejs-opencv/node_modules/opencv-build/opencv/build/CMakeFiles/CMakeTmp'

===== END =====

Build output check failed:
    Regex: 'unrecognized .*option'
    Output line: 'cc1plus: warning: unrecognized command line option ‘-Wno-shorten-64-to-32’'
Compilation failed:
    source file: '/home/eric/Documentos/github/nodejs-opencv/node_modules/opencv-build/opencv/build/CMakeFiles/CMakeTmp/src.cxx'
    check option: ' -Wno-shorten-64-to-32'
===== BUILD LOG =====
Change Dir: /home/eric/Documentos/github/nodejs-opencv/node_modules/opencv-build/opencv/build/CMakeFiles/CMakeTmp

Run Build Command:"/usr/bin/make" "cmTC_460df/fast"
/usr/bin/make -f CMakeFiles/cmTC_460df.dir/build.make CMakeFiles/cmTC_460df.dir/build
make[1]: se entra en el directorio '/home/eric/Documentos/github/nodejs-opencv/node_modules/opencv-build/opencv/build/CMakeFiles/CMakeTmp'
Building CXX object CMakeFiles/cmTC_460df.dir/src.cxx.o
/usr/bin/c++     -fsigned-char -W -Wall -Werror=return-type -Werror=non-virtual-dtor -Werror=address -Werror=sequence-point -Wformat -Werror=format-security   -Winit-self -Wpointer-arith   -Wuninitialized -Winit-self -Wno-narrowing -Wno-delete-non-virtual-dtor -Wno-comment -fdiagnostics-show-option -Wno-long-long -pthread -fomit-frame-pointer -ffunction-sections -fdata-sections  -msse -msse2 -msse3 -fvisibility=hidden -fvisibility-inlines-hidden -Wno-deprecated -Wno-missing-declarations -Wno-shadow -Wno-unused-parameter -Wno-unused-local-typedefs -Wno-sign-compare -Wno-sign-promo -Wno-undef -Wno-ignored-qualifiers -Wno-extra -Wno-unused-function  -O3 -DNDEBUG -fPIE   -Wno-shorten-64-to-32 -o CMakeFiles/cmTC_460df.dir/src.cxx.o -c /home/eric/Documentos/github/nodejs-opencv/node_modules/opencv-build/opencv/build/CMakeFiles/CMakeTmp/src.cxx
/home/eric/Documentos/github/nodejs-opencv/node_modules/opencv-build/opencv/build/CMakeFiles/CMakeTmp/src.cxx:1:0: warning: ignoring #pragma   [-Wunknown-pragmas]
 #pragma
 ^
cc1plus: warning: unrecognized command line option ‘-Wno-shorten-64-to-32’
Linking CXX executable cmTC_460df
/usr/bin/cmake -E cmake_link_script CMakeFiles/cmTC_460df.dir/link.txt --verbose=1
/usr/bin/c++      -fsigned-char -W -Wall -Werror=return-type -Werror=non-virtual-dtor -Werror=address -Werror=sequence-point -Wformat -Werror=format-security   -Winit-self -Wpointer-arith   -Wuninitialized -Winit-self -Wno-narrowing -Wno-delete-non-virtual-dtor -Wno-comment -fdiagnostics-show-option -Wno-long-long -pthread -fomit-frame-pointer -ffunction-sections -fdata-sections  -msse -msse2 -msse3 -fvisibility=hidden -fvisibility-inlines-hidden -Wno-deprecated -Wno-missing-declarations -Wno-shadow -Wno-unused-parameter -Wno-unused-local-typedefs -Wno-sign-compare -Wno-sign-promo -Wno-undef -Wno-ignored-qualifiers -Wno-extra -Wno-unused-function  -O3 -DNDEBUG    -Wl,--gc-sections  CMakeFiles/cmTC_460df.dir/src.cxx.o  -o cmTC_460df -rdynamic 
make[1]: se sale del directorio '/home/eric/Documentos/github/nodejs-opencv/node_modules/opencv-build/opencv/build/CMakeFiles/CMakeTmp'

===== END =====

Build output check failed:
    Regex: 'unrecognized .*option'
    Output line: 'cc1plus: warning: unrecognized command line option ‘-Wno-enum-compare-switch’'
Compilation failed:
    source file: '/home/eric/Documentos/github/nodejs-opencv/node_modules/opencv-build/opencv/build/CMakeFiles/CMakeTmp/src.cxx'
    check option: ' -Wno-enum-compare-switch'
===== BUILD LOG =====
Change Dir: /home/eric/Documentos/github/nodejs-opencv/node_modules/opencv-build/opencv/build/CMakeFiles/CMakeTmp

Run Build Command:"/usr/bin/make" "cmTC_7b85f/fast"
/usr/bin/make -f CMakeFiles/cmTC_7b85f.dir/build.make CMakeFiles/cmTC_7b85f.dir/build
make[1]: se entra en el directorio '/home/eric/Documentos/github/nodejs-opencv/node_modules/opencv-build/opencv/build/CMakeFiles/CMakeTmp'
Building CXX object CMakeFiles/cmTC_7b85f.dir/src.cxx.o
/usr/bin/c++     -fsigned-char -W -Wall -Werror=return-type -Werror=non-virtual-dtor -Werror=address -Werror=sequence-point -Wformat -Werror=format-security   -Winit-self -Wpointer-arith   -Wuninitialized -Winit-self -Wno-narrowing -Wno-delete-non-virtual-dtor -Wno-comment -fdiagnostics-show-option -Wno-long-long -pthread -fomit-frame-pointer -ffunction-sections -fdata-sections  -msse -msse2 -msse3 -fvisibility=hidden -fvisibility-inlines-hidden -Wno-deprecated -Wno-missing-declarations -Wno-shadow -Wno-unused-parameter -Wno-unused-local-typedefs -Wno-sign-compare -Wno-sign-promo -Wno-undef -Wno-ignored-qualifiers -Wno-extra -Wno-unused-function -Wno-invalid-offsetof  -O3 -DNDEBUG -fPIE   -Wno-enum-compare-switch -o CMakeFiles/cmTC_7b85f.dir/src.cxx.o -c /home/eric/Documentos/github/nodejs-opencv/node_modules/opencv-build/opencv/build/CMakeFiles/CMakeTmp/src.cxx
/home/eric/Documentos/github/nodejs-opencv/node_modules/opencv-build/opencv/build/CMakeFiles/CMakeTmp/src.cxx:1:0: warning: ignoring #pragma   [-Wunknown-pragmas]
 #pragma
 ^
cc1plus: warning: unrecognized command line option ‘-Wno-enum-compare-switch’
Linking CXX executable cmTC_7b85f
/usr/bin/cmake -E cmake_link_script CMakeFiles/cmTC_7b85f.dir/link.txt --verbose=1
/usr/bin/c++      -fsigned-char -W -Wall -Werror=return-type -Werror=non-virtual-dtor -Werror=address -Werror=sequence-point -Wformat -Werror=format-security   -Winit-self -Wpointer-arith   -Wuninitialized -Winit-self -Wno-narrowing -Wno-delete-non-virtual-dtor -Wno-comment -fdiagnostics-show-option -Wno-long-long -pthread -fomit-frame-pointer -ffunction-sections -fdata-sections  -msse -msse2 -msse3 -fvisibility=hidden -fvisibility-inlines-hidden -Wno-deprecated -Wno-missing-declarations -Wno-shadow -Wno-unused-parameter -Wno-unused-local-typedefs -Wno-sign-compare -Wno-sign-promo -Wno-undef -Wno-ignored-qualifiers -Wno-extra -Wno-unused-function -Wno-invalid-offsetof  -O3 -DNDEBUG    -Wl,--gc-sections  CMakeFiles/cmTC_7b85f.dir/src.cxx.o  -o cmTC_7b85f -rdynamic 
make[1]: se sale del directorio '/home/eric/Documentos/github/nodejs-opencv/node_modules/opencv-build/opencv/build/CMakeFiles/CMakeTmp'

===== END =====

